[
 {
  "taskId": "fill-in-the-blanks-4179884427",
  "points": 0,
  "state": {
   "active": [
    "itself"
   ]
  },
  "results": []
 },
 {
  "taskId": "fill-in-the-blanks-539535015",
  "points": 0,
  "state": {
   "active": []
  },
  "results": []
 },
 {
  "taskId": "multiple-choice-3362447361",
  "points": 0,
  "state": {
   "active": [
    "56e003bd40f757f006946547",
    "56e003bd40f757f006946548"
   ]
  },
  "results": [
   {
    "current": [
     "56e003bd40f757f006946547",
     "56e003bd40f757f006946548"
    ],
    "right": [
     "56e003bd40f757f006946549",
     "56e003bd40f757f006946548"
    ],
    "timestamp": 1459866592521
   }
  ]
 },
 {
  "taskId": "multiple-choice-3851013076",
  "points": 0,
  "state": {
   "active": "56e0037f89191cb269f5b60e"
  },
  "results": []
 },
 {
  "taskId": "test-1487677191",
  "points": 1,
  "results": [
   {
    "code": 0,
    "output": "<h3>Program Output</h3>\n71\n<hr/><h3>Challenge Feedback</h3>\nWell done you passed all test cases!",
    "timestamp": 1483785359903
   },
   {
    "code": 0,
    "output": "<h3>Program Output</h3>\n71\n<hr/><h3>Challenge Feedback</h3>\nWell done you passed all test cases!",
    "timestamp": 1483784943431
   },
   {
    "code": 0,
    "output": "<h3>Program Output</h3>\ntestlib.sh: line 9: cd: ~/workspace/challenge2: No such file or directory\n71\n<hr/><h3>Challenge Feedback</h3>\nWell done you passed all test cases!",
    "timestamp": 1483784926830
   },
   {
    "code": 0,
    "output": "<h3>Program Output</h3>\ntestlib.sh: line 9: cd: challenge2: No such file or directory\n71\n<hr/><h3>Challenge Feedback</h3>\nWell done you passed all test cases!",
    "timestamp": 1483784846446
   },
   {
    "code": 127,
    "output": "challenge2/framework-test.sh: line 2: testlib.sh: No such file or directory\nchallenge2/framework-test.sh: line 4: start_java_test: command not found\nchallenge2/framework-test.sh: line 5: run_java_test: command not found\nchallenge2/framework-test.sh: line 6: run_java_test: command not found\nchallenge2/framework-test.sh: line 7: run_java_test: command not found\nchallenge2/framework-test.sh: line 8: run_java_test: command not found\nchallenge2/framework-test.sh: line 9: end_java_test: command not found",
    "timestamp": 1483784794219
   },
   {
    "code": 1,
    "output": "<h3>Program Output</h3>\n0\n<br/><hr/><h3>Challenge Feedback</h3>\nYour code is not outputing the correct value",
    "timestamp": 1458060874354
   }
  ]
 },
 {
  "taskId": "test-1883631226",
  "points": 1,
  "results": [
   {
    "code": 0,
    "output": "<h3>Program Output</h3>\nHello World 30\n<br/><hr/><h3>Challenge Feedback</h3>\nWell done you passed the challenge!",
    "timestamp": 1483784230406
   },
   {
    "code": 127,
    "output": "/usr/share/rpc/bash-proxy.sh: line 11: challenge1/test.sh: No such file or directory",
    "timestamp": 1483784205902
   },
   {
    "code": 0,
    "output": "<h3>Program Output</h3>\nHello World 3\n<br/><hr/><h3>Challenge Feedback</h3>\nWell done you passed the challenge!",
    "timestamp": 1483624960112
   },
   {
    "code": 0,
    "output": "<h3>Program Output</h3>\nHello World 3\n<br/><hr/><h3>Challenge Feedback</h3>\nWell done you passed the challenge!",
    "timestamp": 1483623792064
   },
   {
    "code": 0,
    "output": "<h3>Program Output</h3>\nHello World 3\n<br/><hr/><h3>Challenge Feedback</h3>\nWell done you passed the challenge!",
    "timestamp": 1483623761558
   },
   {
    "code": 0,
    "output": "<h3>Program Output</h3>\nHello World 3\n<br/><hr/><h3>Challenge Feedback</h3>\nWell done you passed the challenge!",
    "timestamp": 1483622643507
   },
   {
    "code": 0,
    "output": "<h3>Program Output</h3>\nHello World 3\n<br/><hr/><h3>Challenge Feedback</h3>\nWell done you passed the challenge!",
    "timestamp": 1470235008586
   },
   {
    "code": 0,
    "output": "<h3>Program Output</h3>\nHello World 3\n<br/><hr/><h3>Challenge Feedback</h3>\nWell done you passed the challenge!",
    "timestamp": 1469525743911
   },
   {
    "code": 0,
    "output": "<h3>Program Output</h3>\nHello World 3\n<br/><hr/><h3>Challenge Feedback</h3>\nWell done you passed the challenge!",
    "timestamp": 1469187204906
   },
   {
    "code": 1,
    "output": "<h3>Program Output</h3>\nHellx World 3\n<br/><hr/><h3>Challenge Feedback</h3>\nYour code is not outputing the correct value",
    "timestamp": 1469187190252
   },
   {
    "code": 0,
    "output": "<h3>Program Output</h3>\nHello World 3\n<br/><hr/><h3>Challenge Feedback</h3>\nWell done you passed the challenge!",
    "timestamp": 1469187179535
   },
   {
    "code": 0,
    "output": "<h3>Program Output</h3>\nHello World 3\n<br/><hr/><h3>Challenge Feedback</h3>\nWell done you passed the challenge!",
    "timestamp": 1468923979631
   },
   {
    "code": 0,
    "output": "<h3>Program Output</h3>\nHello World 3\n<br/><hr/><h3>Challenge Feedback</h3>\nWell done you passed the challenge!",
    "timestamp": 1468579078149
   },
   {
    "code": 0,
    "output": "<h3>Program Output</h3>\nHello World 3\n<br/><hr/><h3>Challenge Feedback</h3>\nWell done you passed the challenge!",
    "timestamp": 1467816033659
   },
   {
    "code": 0,
    "output": "<h3>Program Output</h3>\nHello World 3\n<br/><hr/><h3>Challenge Feedback</h3>\nWell done you passed the challenge!",
    "timestamp": 1466506022999
   },
   {
    "code": 1,
    "output": "<h3>Program Output</h3>\nHello Worldx 3\n<br/><hr/><h3>Challenge Feedback</h3>\nYour code is not outputing the correct value",
    "timestamp": 1466506011124
   },
   {
    "code": 0,
    "output": "<h3>Program Output</h3>\nHello World 3\n<br/><hr/><h3>Challenge Feedback</h3>\nWell done you passed the challenge!",
    "timestamp": 1466505997325
   },
   {
    "code": 0,
    "output": "<h3>Program Output</h3>\nHello World 3\n<br/><hr/><h3>Challenge Feedback</h3>\nWell done you passed the challenge!",
    "timestamp": 1458060675803
   }
  ]
 },
 {
  "taskId": "test-3517184996",
  "points": 1,
  "results": [
   {
    "code": 0,
    "output": "Well done!",
    "timestamp": 1479466707729
   },
   {
    "code": 1,
    "output": "There are not 3 list items (li) in the list",
    "timestamp": 1479466696737
   },
   {
    "code": 0,
    "output": "Well done!",
    "timestamp": 1479150759784
   },
   {
    "code": 1,
    "output": "There are not 3 list items (li) in the list",
    "timestamp": 1479150750577
   },
   {
    "code": 0,
    "output": "Well done!",
    "timestamp": 1470328851562
   },
   {
    "code": 1,
    "output": "There are not 3 list items (li) in the list",
    "timestamp": 1470328844088
   },
   {
    "code": 1,
    "output": "There are not 3 list items (li) in the list",
    "timestamp": 1469525907855
   },
   {
    "code": 1,
    "output": "There are not 3 list items (li) in the list",
    "timestamp": 1468924131192
   },
   {
    "code": 0,
    "output": "Well done!",
    "timestamp": 1468579203429
   },
   {
    "code": 1,
    "output": "There are not 3 list items (li) in the list",
    "timestamp": 1468579196668
   },
   {
    "code": 0,
    "output": "Well done!",
    "timestamp": 1467816180269
   },
   {
    "code": 1,
    "output": "There are not 3 list items (li) in the list",
    "timestamp": 1467816168937
   },
   {
    "code": 1,
    "output": "There are not 3 list items (li) in the list",
    "timestamp": 1466506210837
   },
   {
    "code": 0,
    "output": "Well done!",
    "timestamp": 1466506201851
   },
   {
    "code": 1,
    "output": "There are not 3 list items (li) in the list",
    "timestamp": 1464360996204
   },
   {
    "code": 0,
    "output": "Well done!",
    "timestamp": 1464360984906
   },
   {
    "code": 1,
    "output": "There are not 3 list items (li) in the list",
    "timestamp": 1463150918361
   },
   {
    "code": 0,
    "output": "Well done!",
    "timestamp": 1463150908657
   },
   {
    "code": 0,
    "output": "Well done!",
    "timestamp": 1459866729017
   },
   {
    "code": 1,
    "output": "There are not 3 list items (li) in the list",
    "timestamp": 1458061341286
   }
  ]
 },
 {
  "taskId": "test-857809534",
  "points": 1,
  "results": [
   {
    "code": 0,
    "output": "\n\n  Array\n    #indexOf()\n\n      ✓ should return -1 when the value is not present\n\n\n  1 passing (5ms)\n",
    "timestamp": 1483956162485
   },
   {
    "code": 1,
    "output": "\n\n  Array\n    #indexOf()\n\n      1) should return -1 when the value is not present\n\n\n  0 passing (10ms)\n  1 failing\n\n  1) Array #indexOf() should return -1 when the value is not present:\n     AssertionError: -1 == \"undefined\"\n      at Context.<anonymous> (challenge3/test3.js:10:14)\n\n\n",
    "timestamp": 1483955845286
   },
   {
    "code": 1,
    "output": "\n\n  Array\n    #indexOf()\n\n      1) should return -1 when the value is not present\n\n\n  0 passing (6ms)\n  1 failing\n\n  1) Array #indexOf() should return -1 when the value is not present:\n     AssertionError: -1 == \"undefined\"\n      at Context.<anonymous> (challenge3/test3.js:10:14)\n\n\n",
    "timestamp": 1483786598887
   },
   {
    "code": 8,
    "output": "\nmodule.js:340\n    throw err;\n          ^\nError: Cannot find module './challenge3/challenge.js'\n    at Function.Module._resolveFilename (module.js:338:15)\n    at Function.Module._load (module.js:280:25)\n    at Module.require (module.js:364:17)\n    at require (module.js:380:17)\n    at Object.<anonymous> (/home/codio/workspace/challenge3/test3.js:3:1)\n    at Module._compile (module.js:456:26)\n    at Object.Module._extensions..js (module.js:474:10)\n    at Module.load (module.js:356:32)\n    at Function.Module._load (module.js:312:12)\n    at Module.require (module.js:364:17)\n    at require (module.js:380:17)\n    at /usr/local/lib/node_modules/mocha/lib/mocha.js:219:27\n    at Array.forEach (native)\n    at Mocha.loadFiles (/usr/local/lib/node_modules/mocha/lib/mocha.js:216:14)\n    at Mocha.run (/usr/local/lib/node_modules/mocha/lib/mocha.js:468:10)\n    at Object.<anonymous> (/usr/local/lib/node_modules/mocha/bin/_mocha:403:18)\n    at Module._compile (module.js:456:26)\n    at Object.Module._extensions..js (module.js:474:10)\n    at Module.load (module.js:356:32)\n    at Function.Module._load (module.js:312:12)\n    at Function.Module.runMain (module.js:497:10)\n    at startup (node.js:119:16)\n    at node.js:902:3",
    "timestamp": 1483785669465
   },
   {
    "code": 1,
    "output": "\n\n  Array\n    #indexOf()\n\n      1) should return -1 when the value is not present\n\n\n  0 passing (51ms)\n  1 failing\n\n  1) Array #indexOf() should return -1 when the value is not present:\n     AssertionError: -1 == \"undefined\"\n      at Context.<anonymous> (test3.js:9:14)\n\n\n",
    "timestamp": 1458061077810
   }
  ]
 },
 {
  "taskId": "test-4112607060",
  "points": 10,
  "results": [
   {
    "code": 0,
    "output": "<h3>Program Output</h3>\nHello World 3",
    "timestamp": 1483786723712
   },
   {
    "code": 1,
    "output": "challenge5/challenge5.c:1:3: error: invalid preprocessing directive #challenge5\n # challenge5/challenge5.c\n   ^\n<h3>Compilation Fails</h3>\n<pre></pre>",
    "timestamp": 1483786712462
   },
   {
    "code": 0,
    "output": "<h3>Program Output</h3>\nHello World 3",
    "timestamp": 1483623052666
   },
   {
    "code": 0,
    "output": "<h3>Program Output</h3>\nHello World 3",
    "timestamp": 1464966502545
   },
   {
    "code": 0,
    "output": "<h3>Program Output</h3>\nHello World 3",
    "timestamp": 1464688770207
   },
   {
    "code": 1,
    "output": "Traceback (most recent call last):\n  File \"test.py\", line 6, in <module>\n    s\nNameError: name 's' is not defined",
    "timestamp": 1464688764018
   },
   {
    "code": 0,
    "output": "<h3>Program Output</h3>\nHello World 3",
    "timestamp": 1464688755615
   },
   {
    "code": 0,
    "output": "<h3>Program Output</h3>\nHello World 3",
    "timestamp": 1464688594366
   },
   {
    "code": 1,
    "output": "challenge5/challenge5.c: In function ‘main’:\nchallenge5/challenge5.c:8:3: error: expected ‘;’ before ‘}’ token\n   }\n   ^\n<h3>Compilation Fails</h3>\n<pre></pre>",
    "timestamp": 1464688558908
   },
   {
    "code": 0,
    "output": "<h3>Program Output</h3>\nHello World 3",
    "timestamp": 1464688549297
   },
   {
    "code": 1,
    "output": "gcc challenge5/challenge5.c -o /tmp/assessment_test\n<h3>Program Output</h3>\nHello World 3",
    "timestamp": 1464688536067
   },
   {
    "code": 1,
    "output": "gcc: error: challange5/challenge5.c: No such file or directory\ngcc: fatal error: no input files\ncompilation terminated.\ngcc challange5/challenge5.c -o /tmp/assessment_test\n<h3>Compilation Fails</h3>\n<pre></pre>",
    "timestamp": 1464688429591
   },
   {
    "code": 1,
    "output": "gcc: error: challange5/challenge5.c: No such file or directory\ngcc: fatal error: no input files\ncompilation terminated.\ngcc challange5/challenge5.c -o /tmp/assessment_test\n<h3>Compilation Fails</h3>\n<pre></pre>",
    "timestamp": 1464688427387
   },
   {
    "code": 1,
    "output": "  File \"test.py\", line 21\n    try:\n       ^\nIndentationError: unindent does not match any outer indentation level",
    "timestamp": 1464688417804
   },
   {
    "code": 1,
    "output": "gcc: error: challange5/challenge5.c: No such file or directory\ngcc: fatal error: no input files\ncompilation terminated.\n<h3>Compilation Fails</h3>\n<pre></pre>",
    "timestamp": 1464688387395
   },
   {
    "code": 1,
    "output": "Traceback (most recent call last):\n  File \"test.py\", line 40, in <module>\n    run_test(sys.argv[1])\n  File \"test.py\", line 27, in run_test\n    compile_test(path)\n  File \"test.py\", line 20, in compile_test\n    output=check_output(\"gcc \" + path + \" -o /tmp/assessment_test\", shell=True)\nNameError: global name 'check_output' is not defined",
    "timestamp": 1464688375169
   },
   {
    "code": 1,
    "output": "  File \"test.py\", line 2\n    import subprocess.*\n                      ^\nSyntaxError: invalid syntax",
    "timestamp": 1464688354695
   },
   {
    "code": 1,
    "output": "Traceback (most recent call last):\n  File \"test.py\", line 40, in <module>\n    run_test(sys.argv[1])\n  File \"test.py\", line 27, in run_test\n    compile_test(path)\n  File \"test.py\", line 20, in compile_test\n    output=check_output(\"gcc \" + path + \" -o /tmp/assessment_test\", shell=True)\nNameError: global name 'check_output' is not defined",
    "timestamp": 1464688321891
   },
   {
    "code": 0,
    "output": "['test.py', 'challange5/challenge5.c']",
    "timestamp": 1464688268260
   },
   {
    "code": 1,
    "output": "  File \"test.py\", line 37\n    print print(sys.argv)\n              ^\nSyntaxError: invalid syntax",
    "timestamp": 1464688261276
   },
   {
    "code": 0,
    "output": "2",
    "timestamp": 1464688254001
   },
   {
    "code": 1,
    "output": "  File \"test.py\", line 35\n    exit 0\n         ^\nSyntaxError: invalid syntax",
    "timestamp": 1464688247398
   },
   {
    "code": 1,
    "output": "  File \"test.py\", line 32\n    def end_test:\n                ^\nSyntaxError: invalid syntax",
    "timestamp": 1464688241679
   },
   {
    "code": 1,
    "output": "  File \"test.py\", line 26\n    def run_test:\n                ^\nSyntaxError: invalid syntax",
    "timestamp": 1464688232183
   },
   {
    "code": 1,
    "output": "  File \"test.py\", line 26\n    def run_test\n               ^\nSyntaxError: invalid syntax",
    "timestamp": 1464688222341
   },
   {
    "code": 1,
    "output": "  File \"test.py\", line 24\n    exit 1\n         ^\nSyntaxError: invalid syntax",
    "timestamp": 1464688215697
   },
   {
    "code": 1,
    "output": "  File \"test.py\", line 16\n    exit 1\n         ^\nSyntaxError: invalid syntax",
    "timestamp": 1464688203014
   },
   {
    "code": 1,
    "output": "  File \"test.py\", line 16\n    exit 1\n         ^\nSyntaxError: invalid syntax",
    "timestamp": 1464688195987
   },
   {
    "code": 1,
    "output": "  File \"test.py\", line 16\n    exit 1\n         ^\nSyntaxError: invalid syntax",
    "timestamp": 1464688189488
   },
   {
    "code": 1,
    "output": "  File \"test.py\", line 12\n    exit 1\n         ^\nSyntaxError: invalid syntax",
    "timestamp": 1464688181666
   },
   {
    "code": 1,
    "output": "  File \"test.py\", line 11\n    exit 1\n         ^\nSyntaxError: invalid syntax",
    "timestamp": 1464688131176
   },
   {
    "code": 1,
    "output": "  File \"test.py\", line 5\n    def start_test(path)\n                       ^\nSyntaxError: invalid syntax",
    "timestamp": 1464688087195
   },
   {
    "code": 1,
    "output": "  File \"test.py\", line 5\n    def start_test(path)\n                       ^\nSyntaxError: invalid syntax",
    "timestamp": 1464688087161
   }
  ]
 },
 {
  "taskId": "multiple-choice-4008002669",
  "points": 1,
  "state": {
   "active": "ed89e3bf-b99a-d7e2-900c-52567352f6bc"
  },
  "results": [
   {
    "current": [
     "ed89e3bf-b99a-d7e2-900c-52567352f6bc"
    ],
    "right": [
     "ed89e3bf-b99a-d7e2-900c-52567352f6bc"
    ],
    "timestamp": 1475081044060
   }
  ]
 },
 {
  "taskId": "code-output-compare-2313277420",
  "points": 1,
  "results": [
   {
    "code": 0,
    "output": "{\"sequence\": [{\"returnCode\": 0, \"stderr\": \"\", \"passed\": true, \"stdout\": \"Hello World 5\\n\"}, {\"returnCode\": 0, \"stderr\": \"\", \"passed\": true, \"stdout\": \"Hello World 199\\n\"}]}",
    "timestamp": 1483716986282
   },
   {
    "code": 0,
    "output": "{\"sequence\": [{\"returnCode\": 0, \"stderr\": \"\", \"passed\": true, \"stdout\": \"Hello World 5\\n\"}, {\"returnCode\": 0, \"stderr\": \"\", \"passed\": true, \"stdout\": \"Hello World 199\\n\"}]}",
    "timestamp": 1483636092342
   },
   {
    "code": 2,
    "output": "{\"sequence\": [{\"returnCode\": 0, \"stderr\": \"\", \"passed\": false, \"stdout\": \"Hello World 7\\n\"}, {\"returnCode\": 0, \"stderr\": \"\", \"passed\": false, \"stdout\": \"Hello World 201\\n\"}]}",
    "timestamp": 1483636075160
   },
   {
    "code": 0,
    "output": "{\"sequence\": [{\"returnCode\": 0, \"stderr\": \"\", \"passed\": true, \"stdout\": \"Hello World 5\\n\"}, {\"returnCode\": 0, \"stderr\": \"\", \"passed\": true, \"stdout\": \"Hello World 199\\n\"}]}",
    "timestamp": 1483636061969
   },
   {
    "code": 0,
    "output": "{\"sequence\": [{\"returnCode\": 0, \"stderr\": \"\", \"passed\": true, \"stdout\": \"Hello World 5\\n\"}, {\"returnCode\": 0, \"stderr\": \"\", \"passed\": true, \"stdout\": \"Hello World 199\\n\"}]}",
    "timestamp": 1483624953314
   },
   {
    "code": 0,
    "output": "{\"sequence\": [{\"returnCode\": 0, \"stderr\": \"\", \"passed\": true, \"stdout\": \"Hello World 5\\n\"}, {\"returnCode\": 0, \"stderr\": \"\", \"passed\": true, \"stdout\": \"Hello World 199\\n\"}]}",
    "timestamp": 1483622629233
   },
   {
    "code": 2,
    "output": "{\"sequence\": [{\"returnCode\": 1, \"stderr\": \"Error: Could not find or load main class 1\\n\", \"passed\": false, \"stdout\": \"\"}, {\"returnCode\": 1, \"stderr\": \"Error: Could not find or load main class 99\\n\", \"passed\": false, \"stdout\": \"\"}]}",
    "timestamp": 1483622456968
   }
  ]
 },
 {
  "taskId": "code-output-compare-1758926380",
  "points": 1,
  "results": [
   {
    "code": 0,
    "output": "{\"sequence\": [{\"returnCode\": 0, \"stderr\": \"\", \"passed\": true, \"stdout\": \"First Number: Second Number: Total : 3.0\\n\"}, {\"returnCode\": 0, \"stderr\": \"\", \"passed\": true, \"stdout\": \"First Number: Second Number: Total : 3.456\\n\"}, {\"returnCode\": 0, \"stderr\": \"\", \"passed\": true, \"stdout\": \"First Number: Second Number: Total : 300.0\\n\"}]}",
    "timestamp": 1483784337515
   },
   {
    "code": 0,
    "output": "{\"sequence\": [{\"returnCode\": 0, \"stderr\": \"\", \"passed\": true, \"stdout\": \"First Number: Second Number: Total : 3.0\\n\"}, {\"returnCode\": 0, \"stderr\": \"\", \"passed\": true, \"stdout\": \"First Number: Second Number: Total : 3.456\\n\"}, {\"returnCode\": 0, \"stderr\": \"\", \"passed\": true, \"stdout\": \"First Number: Second Number: Total : 300.0\\n\"}]}",
    "timestamp": 1483783850288
   },
   {
    "code": 0,
    "output": "{\"sequence\": [{\"returnCode\": 0, \"stderr\": \"\", \"passed\": true, \"stdout\": \"First Number: Second Number: Total : 3.0\\n\"}, {\"returnCode\": 0, \"stderr\": \"\", \"passed\": true, \"stdout\": \"First Number: Second Number: Total : 3.456\\n\"}]}",
    "timestamp": 1483701127339
   },
   {
    "code": 1,
    "output": "{\"error\": \"Pre command failed\"}",
    "timestamp": 1483700791475
   },
   {
    "code": 0,
    "output": "{\"sequence\": [{\"returnCode\": 0, \"stderr\": \"\", \"passed\": true, \"stdout\": \"First Number: Second Number: Total : 3.0\\n\"}, {\"returnCode\": 0, \"stderr\": \"\", \"passed\": true, \"stdout\": \"First Number: Second Number: Total : 3.456\\n\"}]}",
    "timestamp": 1483700590340
   },
   {
    "code": 0,
    "output": "{\"sequence\": [{\"returnCode\": 0, \"stderr\": \"\", \"passed\": true, \"stdout\": \"First Number: Second Number: Total : 3.0\\n\"}]}",
    "timestamp": 1483700527259
   },
   {
    "code": 2,
    "output": "{\"sequence\": [{\"returnCode\": 1, \"stderr\": \"Unrecognized option: -classpth\\nError: Could not create the Java Virtual Machine.\\nError: A fatal exception has occurred. Program will exit.\\n\", \"passed\": false, \"stdout\": \"\"}]}",
    "timestamp": 1483700500378
   },
   {
    "code": 1,
    "output": "{\"error\": \"Pre command failed\"}",
    "timestamp": 1483700465615
   },
   {
    "code": 1,
    "output": "{\"error\": \"Pre command failed\"}",
    "timestamp": 1483700160353
   },
   {
    "code": 1,
    "output": "{\"error\": \"Pre command failed\"}",
    "timestamp": 1483700046583
   },
   {
    "code": 1,
    "output": "{\"error\": \"Pre command failed\"}",
    "timestamp": 1483700008601
   }
  ]
 },
 {
  "taskId": "test-1592842204",
  "points": 10,
  "results": [
   {
    "code": 0,
    "output": "<h3>Program Output</h3>\n62\nB grade\n{\"code\":0,\"message\":\"Cannot read property 'source' of null - 5da88c10-d4cd-11e6-b05b-cb15f7165296\"}",
    "timestamp": 1483788955143
   },
   {
    "code": 1,
    "output": "<h3>Program Output</h3>\n15\nFailed I'm afraid!",
    "timestamp": 1483788620593
   },
   {
    "code": 1,
    "output": "<h3>Program Output</h3>\n8\nFailed I'm afraid!",
    "timestamp": 1483788572307
   },
   {
    "code": 0,
    "output": "<h3>Program Output</h3>\n37\nB grade",
    "timestamp": 1483788564374
   },
   {
    "code": 0,
    "output": "<h3>Program Output</h3>\n84\nA grade",
    "timestamp": 1483788431428
   },
   {
    "code": 1,
    "output": "<h3>Program Output</h3>\n4\nFailed I'm afraid!",
    "timestamp": 1483788321037
   },
   {
    "code": 1,
    "output": "<h3>Program Output</h3>\n24\nFailed I'm afraid!",
    "timestamp": 1483788299461
   },
   {
    "code": 0,
    "output": "<h3>Program Output</h3>\n16\nA grade",
    "timestamp": 1483788289543
   },
   {
    "code": 1,
    "output": "<h3>Program Output</h3>\n5\nFailed I'm afraid!",
    "timestamp": 1483788268637
   },
   {
    "code": 0,
    "output": "<h3>Program Output</h3>\n68\nA grade",
    "timestamp": 1483788264038
   },
   {
    "code": 0,
    "output": "<h3>Program Output</h3>\n45\nB grade",
    "timestamp": 1483788259830
   },
   {
    "code": 0,
    "output": "<h3>Program Output</h3>\n93\nA grade",
    "timestamp": 1483788249949
   },
   {
    "code": 0,
    "output": "<h3>Program Output</h3>\n63\nB grade",
    "timestamp": 1483788237423
   },
   {
    "code": 0,
    "output": "<h3>Program Output</h3>\n33\nFailed I'm afraid!",
    "timestamp": 1483788228905
   },
   {
    "code": 0,
    "output": "<h3>Program Output</h3>\n95\nA grade",
    "timestamp": 1483788224606
   },
   {
    "code": 0,
    "output": "<h3>Program Output</h3>\n85\nA grade",
    "timestamp": 1483788220518
   },
   {
    "code": 0,
    "output": "<h3>Program Output</h3>\n84\nA grade",
    "timestamp": 1483788214159
   },
   {
    "code": 2,
    "output": "<h3>Program Output</h3>\n63\npartial/partial-test.sh: line 25: syntax error in conditional expression\npartial/partial-test.sh: line 25: syntax error near `;'\npartial/partial-test.sh: line 25: `if [[ $OUTPUT1 -gt 66 ]; then'",
    "timestamp": 1483788104198
   },
   {
    "code": 0,
    "output": "<h3>Program Output</h3>\n5\nA grade",
    "timestamp": 1483787991332
   },
   {
    "code": 0,
    "output": "<h3>Program Output</h3>\n80\nA grade",
    "timestamp": 1483787980923
   },
   {
    "code": 0,
    "output": "<h3>Program Output</h3>\n21\nA grade",
    "timestamp": 1483787960611
   },
   {
    "code": 2,
    "output": "<h3>Program Output</h3>\n52\npartial/partial-test.sh: line 29: syntax error near unexpected token `fi'\npartial/partial-test.sh: line 29: `fi '",
    "timestamp": 1483787925896
   },
   {
    "code": 2,
    "output": "<h3>Program Output</h3>\n43\npartial/partial-test.sh: line 38: syntax error: unexpected end of file",
    "timestamp": 1483787878800
   }
  ]
 }
]